<?xml version="1.0" encoding="UTF-8" ?>
<testsuite failures="0" time="6.661" errors="0" skipped="0" tests="1" name="com.innowhite.whiteboard.service.LoadBalancerServiceTest">
  <properties>
    <property name="java.runtime.name" value="Java(TM) SE Runtime Environment"/>
    <property name="sun.boot.library.path" value="/System/Library/Java/JavaVirtualMachines/1.6.0.jdk/Contents/Libraries"/>
    <property name="java.vm.version" value="20.4-b02-402"/>
    <property name="awt.nativeDoubleBuffering" value="true"/>
    <property name="gopherProxySet" value="false"/>
    <property name="mrj.build" value="11M3527"/>
    <property name="java.vm.vendor" value="Apple Inc."/>
    <property name="java.vendor.url" value="http://www.apple.com/"/>
    <property name="path.separator" value=":"/>
    <property name="java.vm.name" value="Java HotSpot(TM) 64-Bit Server VM"/>
    <property name="file.encoding.pkg" value="sun.io"/>
    <property name="user.country" value="US"/>
    <property name="sun.java.launcher" value="SUN_STANDARD"/>
    <property name="sun.os.patch.level" value="unknown"/>
    <property name="java.vm.specification.name" value="Java Virtual Machine Specification"/>
    <property name="user.dir" value="/Users/firemonk/Documents/MyProjects/server/myWebApp"/>
    <property name="java.runtime.version" value="1.6.0_29-b11-402-11M3527"/>
    <property name="java.awt.graphicsenv" value="apple.awt.CGraphicsEnvironment"/>
    <property name="basedir" value="/Users/firemonk/Documents/MyProjects/server/myWebApp"/>
    <property name="java.endorsed.dirs" value="/System/Library/Java/JavaVirtualMachines/1.6.0.jdk/Contents/Home/lib/endorsed"/>
    <property name="os.arch" value="x86_64"/>
    <property name="surefire.real.class.path" value="/var/folders/n1/ccg7_1xj56733rh66sfpm_w40000gn/T/surefirebooter5210801090317944018.jar"/>
    <property name="java.io.tmpdir" value="/var/folders/n1/ccg7_1xj56733rh66sfpm_w40000gn/T/"/>
    <property name="line.separator" value="
"/>
    <property name="java.vm.specification.vendor" value="Sun Microsystems Inc."/>
    <property name="os.name" value="Mac OS X"/>
    <property name="sun.jnu.encoding" value="MacRoman"/>
    <property name="java.library.path" value=".:/Library/Java/Extensions:/System/Library/Java/Extensions:/usr/lib/java"/>
    <property name="surefire.test.class.path" value="/Users/firemonk/Documents/MyProjects/server/myWebApp/target/test-classes:/Users/firemonk/Documents/MyProjects/server/myWebApp/target/classes:/Users/firemonk/.m2/repository/org/springframework/spring-context/3.0.5.RELEASE/spring-context-3.0.5.RELEASE.jar:/Users/firemonk/.m2/repository/org/springframework/spring-aop/3.0.5.RELEASE/spring-aop-3.0.5.RELEASE.jar:/Users/firemonk/.m2/repository/aopalliance/aopalliance/1.0/aopalliance-1.0.jar:/Users/firemonk/.m2/repository/org/springframework/spring-asm/3.0.5.RELEASE/spring-asm-3.0.5.RELEASE.jar:/Users/firemonk/.m2/repository/org/springframework/spring-beans/3.0.5.RELEASE/spring-beans-3.0.5.RELEASE.jar:/Users/firemonk/.m2/repository/org/springframework/spring-core/3.0.5.RELEASE/spring-core-3.0.5.RELEASE.jar:/Users/firemonk/.m2/repository/commons-logging/commons-logging/1.0.4/commons-logging-1.0.4.jar:/Users/firemonk/.m2/repository/org/springframework/spring-expression/3.0.5.RELEASE/spring-expression-3.0.5.RELEASE.jar:/Users/firemonk/.m2/repository/org/springframework/spring-webmvc/3.0.4.RELEASE/spring-webmvc-3.0.4.RELEASE.jar:/Users/firemonk/.m2/repository/org/springframework/spring-context-support/3.0.4.RELEASE/spring-context-support-3.0.4.RELEASE.jar:/Users/firemonk/.m2/repository/org/springframework/spring-web/3.0.4.RELEASE/spring-web-3.0.4.RELEASE.jar:/Users/firemonk/.m2/repository/org/aspectj/aspectjrt/1.6.11.M1/aspectjrt-1.6.11.M1.jar:/Users/firemonk/.m2/repository/org/slf4j/slf4j-api/1.6.1/slf4j-api-1.6.1.jar:/Users/firemonk/.m2/repository/org/slf4j/jcl-over-slf4j/1.6.1/jcl-over-slf4j-1.6.1.jar:/Users/firemonk/.m2/repository/org/slf4j/slf4j-log4j12/1.6.1/slf4j-log4j12-1.6.1.jar:/Users/firemonk/.m2/repository/log4j/log4j/1.2.16/log4j-1.2.16.jar:/Users/firemonk/.m2/repository/junit/junit/4.7/junit-4.7.jar:/Users/firemonk/.m2/repository/commons-httpclient/commons-httpclient/3.1/commons-httpclient-3.1.jar:/Users/firemonk/.m2/repository/commons-codec/commons-codec/1.2/commons-codec-1.2.jar:/Users/firemonk/.m2/repository/org/apache/ibatis/ibatis-sqlmap/2.3.4.726/ibatis-sqlmap-2.3.4.726.jar:/Users/firemonk/.m2/repository/log4j/apache-log4j-extras/1.0/apache-log4j-extras-1.0.jar:/Users/firemonk/.m2/repository/org/apache/httpcomponents/httpclient/4.0.1/httpclient-4.0.1.jar:/Users/firemonk/.m2/repository/org/apache/httpcomponents/httpcore/4.0.1/httpcore-4.0.1.jar:/Users/firemonk/.m2/repository/org/aspectj/aspectjweaver/1.6.11.M1/aspectjweaver-1.6.11.M1.jar:/Users/firemonk/.m2/repository/javax/servlet/servlet-api/2.5/servlet-api-2.5.jar:/Users/firemonk/.m2/repository/net/sf/flexjson/flexjson/2.0/flexjson-2.0.jar:/Users/firemonk/.m2/repository/org/springframework/spring-test/3.0.5.RELEASE/spring-test-3.0.5.RELEASE.jar:/Users/firemonk/.m2/repository/org/springframework/spring-aspects/3.0.5.RELEASE/spring-aspects-3.0.5.RELEASE.jar:/Users/firemonk/.m2/repository/org/springframework/spring-tx/3.0.5.RELEASE/spring-tx-3.0.5.RELEASE.jar:/Users/firemonk/.m2/repository/org/hsqldb/hsqldb/1.8.0.10/hsqldb-1.8.0.10.jar:/Users/firemonk/.m2/repository/com/google/code/gson/gson/2.1/gson-2.1.jar:/Users/firemonk/.m2/repository/javax/validation/validation-api/1.0.0.GA/validation-api-1.0.0.GA.jar:/Users/firemonk/.m2/repository/cglib/cglib-nodep/2.2/cglib-nodep-2.2.jar:/Users/firemonk/.m2/repository/javax/transaction/jta/1.1/jta-1.1.jar:/Users/firemonk/.m2/repository/org/springframework/spring-jdbc/3.0.5.RELEASE/spring-jdbc-3.0.5.RELEASE.jar:/Users/firemonk/.m2/repository/org/springframework/spring-orm/3.0.5.RELEASE/spring-orm-3.0.5.RELEASE.jar:/Users/firemonk/.m2/repository/commons-pool/commons-pool/1.5.4/commons-pool-1.5.4.jar:/Users/firemonk/.m2/repository/org/codehaus/castor/castor-xml/1.3.1/castor-xml-1.3.1.jar:/Users/firemonk/.m2/repository/org/codehaus/castor/castor-core/1.3.1/castor-core-1.3.1.jar:/Users/firemonk/.m2/repository/com/artofsolving/jodconverter/2.2.1/jodconverter-2.2.1.jar:/Users/firemonk/.m2/repository/commons-io/commons-io/1.3.2/commons-io-1.3.2.jar:/Users/firemonk/.m2/repository/org/openoffice/juh/2.3.0/juh-2.3.0.jar:/Users/firemonk/.m2/repository/org/openoffice/jurt/2.3.0/jurt-2.3.0.jar:/Users/firemonk/.m2/repository/org/openoffice/ridl/2.3.0/ridl-2.3.0.jar:/Users/firemonk/.m2/repository/org/openoffice/unoil/2.3.0/unoil-2.3.0.jar:/Users/firemonk/.m2/repository/commons-fileupload/commons-fileupload/1.2.1/commons-fileupload-1.2.1.jar:/Users/firemonk/.m2/repository/commons-dbcp/commons-dbcp/1.3/commons-dbcp-1.3.jar:/Users/firemonk/.m2/repository/org/apache/activemq/activemq-all/5.4.2/activemq-all-5.4.2.jar:/Users/firemonk/.m2/repository/org/apache/activemq/activemq-core/5.2.0/activemq-core-5.2.0.jar:/Users/firemonk/.m2/repository/commons-logging/commons-logging-api/1.1/commons-logging-api-1.1.jar:/Users/firemonk/.m2/repository/org/apache/camel/camel-core/1.5.0/camel-core-1.5.0.jar:/Users/firemonk/.m2/repository/org/apache/geronimo/specs/geronimo-jms_1.1_spec/1.1.1/geronimo-jms_1.1_spec-1.1.1.jar:/Users/firemonk/.m2/repository/org/apache/activemq/activeio-core/3.1.0/activeio-core-3.1.0.jar:/Users/firemonk/.m2/repository/backport-util-concurrent/backport-util-concurrent/2.1/backport-util-concurrent-2.1.jar:/Users/firemonk/.m2/repository/org/apache/geronimo/specs/geronimo-j2ee-management_1.0_spec/1.0/geronimo-j2ee-management_1.0_spec-1.0.jar:/Users/firemonk/.m2/repository/org/springframework/spring-jms/3.0.5.RELEASE/spring-jms-3.0.5.RELEASE.jar:/Users/firemonk/.m2/repository/javax/inject/javax.inject/1/javax.inject-1.jar:/Users/firemonk/.m2/repository/javax/servlet/jsp/jsp-api/2.1/jsp-api-2.1.jar:/Users/firemonk/.m2/repository/javax/servlet/jstl/1.2/jstl-1.2.jar:/Users/firemonk/.m2/repository/mysql/mysql-connector-java/5.1.13/mysql-connector-java-5.1.13.jar:"/>
    <property name="java.specification.name" value="Java Platform API Specification"/>
    <property name="java.class.version" value="50.0"/>
    <property name="sun.management.compiler" value="HotSpot 64-Bit Tiered Compilers"/>
    <property name="os.version" value="10.7.2"/>
    <property name="http.nonProxyHosts" value="dimdimsecure.com|*.dimdimsecure.com|local|*.local|169.254/16|*.169.254/16"/>
    <property name="user.home" value="/Users/firemonk"/>
    <property name="user.timezone" value="America/New_York"/>
    <property name="java.awt.printerjob" value="apple.awt.CPrinterJob"/>
    <property name="java.specification.version" value="1.6"/>
    <property name="file.encoding" value="MacRoman"/>
    <property name="user.name" value="firemonk"/>
    <property name="java.class.path" value="/Users/firemonk/Documents/MyProjects/server/myWebApp/target/test-classes:/Users/firemonk/Documents/MyProjects/server/myWebApp/target/classes:/Users/firemonk/.m2/repository/org/springframework/spring-context/3.0.5.RELEASE/spring-context-3.0.5.RELEASE.jar:/Users/firemonk/.m2/repository/org/springframework/spring-aop/3.0.5.RELEASE/spring-aop-3.0.5.RELEASE.jar:/Users/firemonk/.m2/repository/aopalliance/aopalliance/1.0/aopalliance-1.0.jar:/Users/firemonk/.m2/repository/org/springframework/spring-asm/3.0.5.RELEASE/spring-asm-3.0.5.RELEASE.jar:/Users/firemonk/.m2/repository/org/springframework/spring-beans/3.0.5.RELEASE/spring-beans-3.0.5.RELEASE.jar:/Users/firemonk/.m2/repository/org/springframework/spring-core/3.0.5.RELEASE/spring-core-3.0.5.RELEASE.jar:/Users/firemonk/.m2/repository/commons-logging/commons-logging/1.0.4/commons-logging-1.0.4.jar:/Users/firemonk/.m2/repository/org/springframework/spring-expression/3.0.5.RELEASE/spring-expression-3.0.5.RELEASE.jar:/Users/firemonk/.m2/repository/org/springframework/spring-webmvc/3.0.4.RELEASE/spring-webmvc-3.0.4.RELEASE.jar:/Users/firemonk/.m2/repository/org/springframework/spring-context-support/3.0.4.RELEASE/spring-context-support-3.0.4.RELEASE.jar:/Users/firemonk/.m2/repository/org/springframework/spring-web/3.0.4.RELEASE/spring-web-3.0.4.RELEASE.jar:/Users/firemonk/.m2/repository/org/aspectj/aspectjrt/1.6.11.M1/aspectjrt-1.6.11.M1.jar:/Users/firemonk/.m2/repository/org/slf4j/slf4j-api/1.6.1/slf4j-api-1.6.1.jar:/Users/firemonk/.m2/repository/org/slf4j/jcl-over-slf4j/1.6.1/jcl-over-slf4j-1.6.1.jar:/Users/firemonk/.m2/repository/org/slf4j/slf4j-log4j12/1.6.1/slf4j-log4j12-1.6.1.jar:/Users/firemonk/.m2/repository/log4j/log4j/1.2.16/log4j-1.2.16.jar:/Users/firemonk/.m2/repository/junit/junit/4.7/junit-4.7.jar:/Users/firemonk/.m2/repository/commons-httpclient/commons-httpclient/3.1/commons-httpclient-3.1.jar:/Users/firemonk/.m2/repository/commons-codec/commons-codec/1.2/commons-codec-1.2.jar:/Users/firemonk/.m2/repository/org/apache/ibatis/ibatis-sqlmap/2.3.4.726/ibatis-sqlmap-2.3.4.726.jar:/Users/firemonk/.m2/repository/log4j/apache-log4j-extras/1.0/apache-log4j-extras-1.0.jar:/Users/firemonk/.m2/repository/org/apache/httpcomponents/httpclient/4.0.1/httpclient-4.0.1.jar:/Users/firemonk/.m2/repository/org/apache/httpcomponents/httpcore/4.0.1/httpcore-4.0.1.jar:/Users/firemonk/.m2/repository/org/aspectj/aspectjweaver/1.6.11.M1/aspectjweaver-1.6.11.M1.jar:/Users/firemonk/.m2/repository/javax/servlet/servlet-api/2.5/servlet-api-2.5.jar:/Users/firemonk/.m2/repository/net/sf/flexjson/flexjson/2.0/flexjson-2.0.jar:/Users/firemonk/.m2/repository/org/springframework/spring-test/3.0.5.RELEASE/spring-test-3.0.5.RELEASE.jar:/Users/firemonk/.m2/repository/org/springframework/spring-aspects/3.0.5.RELEASE/spring-aspects-3.0.5.RELEASE.jar:/Users/firemonk/.m2/repository/org/springframework/spring-tx/3.0.5.RELEASE/spring-tx-3.0.5.RELEASE.jar:/Users/firemonk/.m2/repository/org/hsqldb/hsqldb/1.8.0.10/hsqldb-1.8.0.10.jar:/Users/firemonk/.m2/repository/com/google/code/gson/gson/2.1/gson-2.1.jar:/Users/firemonk/.m2/repository/javax/validation/validation-api/1.0.0.GA/validation-api-1.0.0.GA.jar:/Users/firemonk/.m2/repository/cglib/cglib-nodep/2.2/cglib-nodep-2.2.jar:/Users/firemonk/.m2/repository/javax/transaction/jta/1.1/jta-1.1.jar:/Users/firemonk/.m2/repository/org/springframework/spring-jdbc/3.0.5.RELEASE/spring-jdbc-3.0.5.RELEASE.jar:/Users/firemonk/.m2/repository/org/springframework/spring-orm/3.0.5.RELEASE/spring-orm-3.0.5.RELEASE.jar:/Users/firemonk/.m2/repository/commons-pool/commons-pool/1.5.4/commons-pool-1.5.4.jar:/Users/firemonk/.m2/repository/org/codehaus/castor/castor-xml/1.3.1/castor-xml-1.3.1.jar:/Users/firemonk/.m2/repository/org/codehaus/castor/castor-core/1.3.1/castor-core-1.3.1.jar:/Users/firemonk/.m2/repository/com/artofsolving/jodconverter/2.2.1/jodconverter-2.2.1.jar:/Users/firemonk/.m2/repository/commons-io/commons-io/1.3.2/commons-io-1.3.2.jar:/Users/firemonk/.m2/repository/org/openoffice/juh/2.3.0/juh-2.3.0.jar:/Users/firemonk/.m2/repository/org/openoffice/jurt/2.3.0/jurt-2.3.0.jar:/Users/firemonk/.m2/repository/org/openoffice/ridl/2.3.0/ridl-2.3.0.jar:/Users/firemonk/.m2/repository/org/openoffice/unoil/2.3.0/unoil-2.3.0.jar:/Users/firemonk/.m2/repository/commons-fileupload/commons-fileupload/1.2.1/commons-fileupload-1.2.1.jar:/Users/firemonk/.m2/repository/commons-dbcp/commons-dbcp/1.3/commons-dbcp-1.3.jar:/Users/firemonk/.m2/repository/org/apache/activemq/activemq-all/5.4.2/activemq-all-5.4.2.jar:/Users/firemonk/.m2/repository/org/apache/activemq/activemq-core/5.2.0/activemq-core-5.2.0.jar:/Users/firemonk/.m2/repository/commons-logging/commons-logging-api/1.1/commons-logging-api-1.1.jar:/Users/firemonk/.m2/repository/org/apache/camel/camel-core/1.5.0/camel-core-1.5.0.jar:/Users/firemonk/.m2/repository/org/apache/geronimo/specs/geronimo-jms_1.1_spec/1.1.1/geronimo-jms_1.1_spec-1.1.1.jar:/Users/firemonk/.m2/repository/org/apache/activemq/activeio-core/3.1.0/activeio-core-3.1.0.jar:/Users/firemonk/.m2/repository/backport-util-concurrent/backport-util-concurrent/2.1/backport-util-concurrent-2.1.jar:/Users/firemonk/.m2/repository/org/apache/geronimo/specs/geronimo-j2ee-management_1.0_spec/1.0/geronimo-j2ee-management_1.0_spec-1.0.jar:/Users/firemonk/.m2/repository/org/springframework/spring-jms/3.0.5.RELEASE/spring-jms-3.0.5.RELEASE.jar:/Users/firemonk/.m2/repository/javax/inject/javax.inject/1/javax.inject-1.jar:/Users/firemonk/.m2/repository/javax/servlet/jsp/jsp-api/2.1/jsp-api-2.1.jar:/Users/firemonk/.m2/repository/javax/servlet/jstl/1.2/jstl-1.2.jar:/Users/firemonk/.m2/repository/mysql/mysql-connector-java/5.1.13/mysql-connector-java-5.1.13.jar:"/>
    <property name="java.vm.specification.version" value="1.0"/>
    <property name="sun.arch.data.model" value="64"/>
    <property name="java.home" value="/System/Library/Java/JavaVirtualMachines/1.6.0.jdk/Contents/Home"/>
    <property name="sun.java.command" value="/var/folders/n1/ccg7_1xj56733rh66sfpm_w40000gn/T/surefirebooter5210801090317944018.jar /var/folders/n1/ccg7_1xj56733rh66sfpm_w40000gn/T/surefire4338802635810284713tmp /var/folders/n1/ccg7_1xj56733rh66sfpm_w40000gn/T/surefire8859634952781860168tmp"/>
    <property name="java.specification.vendor" value="Sun Microsystems Inc."/>
    <property name="user.language" value="en"/>
    <property name="awt.toolkit" value="apple.awt.CToolkit"/>
    <property name="java.vm.info" value="mixed mode"/>
    <property name="java.version" value="1.6.0_29"/>
    <property name="java.ext.dirs" value="/Library/Java/Extensions:/System/Library/Java/Extensions:/System/Library/Java/JavaVirtualMachines/1.6.0.jdk/Contents/Home/lib/ext"/>
    <property name="sun.boot.class.path" value="/System/Library/Java/JavaVirtualMachines/1.6.0.jdk/Contents/Classes/jsfd.jar:/System/Library/Java/JavaVirtualMachines/1.6.0.jdk/Contents/Classes/classes.jar:/System/Library/Frameworks/JavaVM.framework/Frameworks/JavaRuntimeSupport.framework/Resources/Java/JavaRuntimeSupport.jar:/System/Library/Java/JavaVirtualMachines/1.6.0.jdk/Contents/Classes/ui.jar:/System/Library/Java/JavaVirtualMachines/1.6.0.jdk/Contents/Classes/laf.jar:/System/Library/Java/JavaVirtualMachines/1.6.0.jdk/Contents/Classes/sunrsasign.jar:/System/Library/Java/JavaVirtualMachines/1.6.0.jdk/Contents/Classes/jsse.jar:/System/Library/Java/JavaVirtualMachines/1.6.0.jdk/Contents/Classes/jce.jar:/System/Library/Java/JavaVirtualMachines/1.6.0.jdk/Contents/Classes/charsets.jar"/>
    <property name="java.vendor" value="Apple Inc."/>
    <property name="localRepository" value="/Users/firemonk/.m2/repository"/>
    <property name="file.separator" value="/"/>
    <property name="java.vendor.url.bug" value="http://bugreport.apple.com/"/>
    <property name="sun.cpu.endian" value="little"/>
    <property name="sun.io.unicode.encoding" value="UnicodeLittle"/>
    <property name="mrj.version" value="1070.1.6.0_29-402"/>
    <property name="socksNonProxyHosts" value="dimdimsecure.com|*.dimdimsecure.com|local|*.local|169.254/16|*.169.254/16"/>
    <property name="ftp.nonProxyHosts" value="dimdimsecure.com|*.dimdimsecure.com|local|*.local|169.254/16|*.169.254/16"/>
    <property name="sun.cpu.isalist" value=""/>
  </properties>
  <testcase time="6.475" classname="com.innowhite.whiteboard.service.LoadBalancerServiceTest" name="testGetServersName"/>
</testsuite>