<?xml version="1.0" encoding="UTF-8" ?>
<testsuite failures="0" time="18.199" errors="0" skipped="0" tests="3" name="com.innowhite.playbackapp.OrderPersistenceTests">
  <properties>
    <property name="java.runtime.name" value="Java(TM) SE Runtime Environment"/>
    <property name="sun.boot.library.path" value="/System/Library/Java/JavaVirtualMachines/1.6.0.jdk/Contents/Libraries"/>
    <property name="java.vm.version" value="19.1-b02-334"/>
    <property name="awt.nativeDoubleBuffering" value="true"/>
    <property name="gopherProxySet" value="false"/>
    <property name="mrj.build" value="10M3326"/>
    <property name="java.vm.vendor" value="Apple Inc."/>
    <property name="java.vendor.url" value="http://www.apple.com/"/>
    <property name="path.separator" value=":"/>
    <property name="java.vm.name" value="Java HotSpot(TM) 64-Bit Server VM"/>
    <property name="file.encoding.pkg" value="sun.io"/>
    <property name="user.country" value="US"/>
    <property name="sun.java.launcher" value="SUN_STANDARD"/>
    <property name="sun.os.patch.level" value="unknown"/>
    <property name="java.vm.specification.name" value="Java Virtual Machine Specification"/>
    <property name="user.dir" value="/Users/firemonk/Documents/MyProjects/server/PlayBackApp"/>
    <property name="java.runtime.version" value="1.6.0_24-b07-334-10M3326"/>
    <property name="java.awt.graphicsenv" value="apple.awt.CGraphicsEnvironment"/>
    <property name="basedir" value="/Users/firemonk/Documents/MyProjects/server/PlayBackApp"/>
    <property name="java.endorsed.dirs" value="/System/Library/Java/JavaVirtualMachines/1.6.0.jdk/Contents/Home/lib/endorsed"/>
    <property name="os.arch" value="x86_64"/>
    <property name="surefire.real.class.path" value="/var/folders/e3/e3X5bI5gGaCAS64BZpe8sE+++TI/-Tmp-/surefirebooter6736650901975122974.jar"/>
    <property name="java.io.tmpdir" value="/var/folders/e3/e3X5bI5gGaCAS64BZpe8sE+++TI/-Tmp-/"/>
    <property name="line.separator" value="
"/>
    <property name="java.vm.specification.vendor" value="Sun Microsystems Inc."/>
    <property name="os.name" value="Mac OS X"/>
    <property name="sun.jnu.encoding" value="MacRoman"/>
    <property name="java.library.path" value=".:/Library/Java/Extensions:/System/Library/Java/Extensions:/usr/lib/java"/>
    <property name="surefire.test.class.path" value="/Users/firemonk/Documents/MyProjects/server/PlayBackApp/target/test-classes:/Users/firemonk/Documents/MyProjects/server/PlayBackApp/target/classes:/Users/firemonk/.m2/repository/junit/junit/4.7/junit-4.7.jar:/Users/firemonk/.m2/repository/org/springframework/spring-test/3.0.0.RELEASE/spring-test-3.0.0.RELEASE.jar:/Users/firemonk/.m2/repository/org/springframework/spring-context-support/3.0.0.RELEASE/spring-context-support-3.0.0.RELEASE.jar:/Users/firemonk/.m2/repository/org/springframework/spring-beans/3.0.0.RELEASE/spring-beans-3.0.0.RELEASE.jar:/Users/firemonk/.m2/repository/org/springframework/spring-core/3.0.0.RELEASE/spring-core-3.0.0.RELEASE.jar:/Users/firemonk/.m2/repository/org/springframework/spring-asm/3.0.0.RELEASE/spring-asm-3.0.0.RELEASE.jar:/Users/firemonk/.m2/repository/commons-logging/commons-logging/1.0.4/commons-logging-1.0.4.jar:/Users/firemonk/.m2/repository/org/springframework/spring-context/3.0.0.RELEASE/spring-context-3.0.0.RELEASE.jar:/Users/firemonk/.m2/repository/org/springframework/spring-expression/3.0.0.RELEASE/spring-expression-3.0.0.RELEASE.jar:/Users/firemonk/.m2/repository/org/springframework/spring-aop/3.0.0.RELEASE/spring-aop-3.0.0.RELEASE.jar:/Users/firemonk/.m2/repository/aopalliance/aopalliance/1.0/aopalliance-1.0.jar:/Users/firemonk/.m2/repository/org/springframework/spring-orm/3.0.0.RELEASE/spring-orm-3.0.0.RELEASE.jar:/Users/firemonk/.m2/repository/org/springframework/spring-jdbc/3.0.0.RELEASE/spring-jdbc-3.0.0.RELEASE.jar:/Users/firemonk/.m2/repository/org/springframework/spring-tx/3.0.0.RELEASE/spring-tx-3.0.0.RELEASE.jar:/Users/firemonk/.m2/repository/commons-dbcp/commons-dbcp/1.2.2/commons-dbcp-1.2.2.jar:/Users/firemonk/.m2/repository/commons-pool/commons-pool/1.3/commons-pool-1.3.jar:/Users/firemonk/.m2/repository/org/hibernate/hibernate-core/3.3.2.GA/hibernate-core-3.3.2.GA.jar:/Users/firemonk/.m2/repository/antlr/antlr/2.7.6/antlr-2.7.6.jar:/Users/firemonk/.m2/repository/commons-collections/commons-collections/3.1/commons-collections-3.1.jar:/Users/firemonk/.m2/repository/dom4j/dom4j/1.6.1/dom4j-1.6.1.jar:/Users/firemonk/.m2/repository/xml-apis/xml-apis/1.0.b2/xml-apis-1.0.b2.jar:/Users/firemonk/.m2/repository/javax/transaction/jta/1.1/jta-1.1.jar:/Users/firemonk/.m2/repository/org/slf4j/slf4j-api/1.5.8/slf4j-api-1.5.8.jar:/Users/firemonk/.m2/repository/org/hibernate/hibernate-annotations/3.3.1.GA/hibernate-annotations-3.3.1.GA.jar:/Users/firemonk/.m2/repository/org/hibernate/hibernate/3.2.6.ga/hibernate-3.2.6.ga.jar:/Users/firemonk/.m2/repository/net/sf/ehcache/ehcache/1.2.3/ehcache-1.2.3.jar:/Users/firemonk/.m2/repository/asm/asm-attrs/1.5.3/asm-attrs-1.5.3.jar:/Users/firemonk/.m2/repository/cglib/cglib/2.1_3/cglib-2.1_3.jar:/Users/firemonk/.m2/repository/asm/asm/1.5.3/asm-1.5.3.jar:/Users/firemonk/.m2/repository/org/hibernate/hibernate-commons-annotations/3.3.0.ga/hibernate-commons-annotations-3.3.0.ga.jar:/Users/firemonk/.m2/repository/org/hibernate/ejb3-persistence/1.0.1.GA/ejb3-persistence-1.0.1.GA.jar:/Users/firemonk/.m2/repository/javax/persistence/persistence-api/1.0/persistence-api-1.0.jar:/Users/firemonk/.m2/repository/javassist/javassist/3.6.0.GA/javassist-3.6.0.GA.jar:/Users/firemonk/.m2/repository/org/slf4j/slf4j-jcl/1.5.8/slf4j-jcl-1.5.8.jar:/Users/firemonk/.m2/repository/hsqldb/hsqldb/1.8.0.10/hsqldb-1.8.0.10.jar:/Users/firemonk/.m2/repository/org/aspectj/aspectjrt/1.5.4/aspectjrt-1.5.4.jar:/Users/firemonk/.m2/repository/org/aspectj/aspectjweaver/1.5.4/aspectjweaver-1.5.4.jar:/Users/firemonk/.m2/repository/log4j/log4j/1.2.14/log4j-1.2.14.jar:/Users/firemonk/.m2/repository/org/springframework/spring-jms/3.0.5.RELEASE/spring-jms-3.0.5.RELEASE.jar:/Users/firemonk/.m2/repository/org/apache/activemq/activemq-all/5.4.2/activemq-all-5.4.2.jar:/Users/firemonk/.m2/repository/org/apache/activemq/activemq-core/5.2.0/activemq-core-5.2.0.jar:/Users/firemonk/.m2/repository/commons-logging/commons-logging-api/1.1/commons-logging-api-1.1.jar:/Users/firemonk/.m2/repository/org/apache/camel/camel-core/1.5.0/camel-core-1.5.0.jar:/Users/firemonk/.m2/repository/org/apache/geronimo/specs/geronimo-jms_1.1_spec/1.1.1/geronimo-jms_1.1_spec-1.1.1.jar:/Users/firemonk/.m2/repository/org/apache/activemq/activeio-core/3.1.0/activeio-core-3.1.0.jar:/Users/firemonk/.m2/repository/backport-util-concurrent/backport-util-concurrent/2.1/backport-util-concurrent-2.1.jar:/Users/firemonk/.m2/repository/org/apache/geronimo/specs/geronimo-j2ee-management_1.0_spec/1.0/geronimo-j2ee-management_1.0_spec-1.0.jar:/Users/firemonk/.m2/repository/org/springframework/integration/spring-integration-jms/2.0.3.RELEASE/spring-integration-jms-2.0.3.RELEASE.jar:/Users/firemonk/.m2/repository/org/springframework/integration/spring-integration-core/2.0.3.RELEASE/spring-integration-core-2.0.3.RELEASE.jar:"/>
    <property name="java.specification.name" value="Java Platform API Specification"/>
    <property name="java.class.version" value="50.0"/>
    <property name="sun.management.compiler" value="HotSpot 64-Bit Server Compiler"/>
    <property name="os.version" value="10.6.7"/>
    <property name="http.nonProxyHosts" value="dimdimsecure.com|*.dimdimsecure.com|local|*.local|169.254/16|*.169.254/16"/>
    <property name="user.home" value="/Users/firemonk"/>
    <property name="user.timezone" value="America/Chicago"/>
    <property name="java.awt.printerjob" value="apple.awt.CPrinterJob"/>
    <property name="java.specification.version" value="1.6"/>
    <property name="file.encoding" value="MacRoman"/>
    <property name="user.name" value="firemonk"/>
    <property name="java.class.path" value="/Users/firemonk/Documents/MyProjects/server/PlayBackApp/target/test-classes:/Users/firemonk/Documents/MyProjects/server/PlayBackApp/target/classes:/Users/firemonk/.m2/repository/junit/junit/4.7/junit-4.7.jar:/Users/firemonk/.m2/repository/org/springframework/spring-test/3.0.0.RELEASE/spring-test-3.0.0.RELEASE.jar:/Users/firemonk/.m2/repository/org/springframework/spring-context-support/3.0.0.RELEASE/spring-context-support-3.0.0.RELEASE.jar:/Users/firemonk/.m2/repository/org/springframework/spring-beans/3.0.0.RELEASE/spring-beans-3.0.0.RELEASE.jar:/Users/firemonk/.m2/repository/org/springframework/spring-core/3.0.0.RELEASE/spring-core-3.0.0.RELEASE.jar:/Users/firemonk/.m2/repository/org/springframework/spring-asm/3.0.0.RELEASE/spring-asm-3.0.0.RELEASE.jar:/Users/firemonk/.m2/repository/commons-logging/commons-logging/1.0.4/commons-logging-1.0.4.jar:/Users/firemonk/.m2/repository/org/springframework/spring-context/3.0.0.RELEASE/spring-context-3.0.0.RELEASE.jar:/Users/firemonk/.m2/repository/org/springframework/spring-expression/3.0.0.RELEASE/spring-expression-3.0.0.RELEASE.jar:/Users/firemonk/.m2/repository/org/springframework/spring-aop/3.0.0.RELEASE/spring-aop-3.0.0.RELEASE.jar:/Users/firemonk/.m2/repository/aopalliance/aopalliance/1.0/aopalliance-1.0.jar:/Users/firemonk/.m2/repository/org/springframework/spring-orm/3.0.0.RELEASE/spring-orm-3.0.0.RELEASE.jar:/Users/firemonk/.m2/repository/org/springframework/spring-jdbc/3.0.0.RELEASE/spring-jdbc-3.0.0.RELEASE.jar:/Users/firemonk/.m2/repository/org/springframework/spring-tx/3.0.0.RELEASE/spring-tx-3.0.0.RELEASE.jar:/Users/firemonk/.m2/repository/commons-dbcp/commons-dbcp/1.2.2/commons-dbcp-1.2.2.jar:/Users/firemonk/.m2/repository/commons-pool/commons-pool/1.3/commons-pool-1.3.jar:/Users/firemonk/.m2/repository/org/hibernate/hibernate-core/3.3.2.GA/hibernate-core-3.3.2.GA.jar:/Users/firemonk/.m2/repository/antlr/antlr/2.7.6/antlr-2.7.6.jar:/Users/firemonk/.m2/repository/commons-collections/commons-collections/3.1/commons-collections-3.1.jar:/Users/firemonk/.m2/repository/dom4j/dom4j/1.6.1/dom4j-1.6.1.jar:/Users/firemonk/.m2/repository/xml-apis/xml-apis/1.0.b2/xml-apis-1.0.b2.jar:/Users/firemonk/.m2/repository/javax/transaction/jta/1.1/jta-1.1.jar:/Users/firemonk/.m2/repository/org/slf4j/slf4j-api/1.5.8/slf4j-api-1.5.8.jar:/Users/firemonk/.m2/repository/org/hibernate/hibernate-annotations/3.3.1.GA/hibernate-annotations-3.3.1.GA.jar:/Users/firemonk/.m2/repository/org/hibernate/hibernate/3.2.6.ga/hibernate-3.2.6.ga.jar:/Users/firemonk/.m2/repository/net/sf/ehcache/ehcache/1.2.3/ehcache-1.2.3.jar:/Users/firemonk/.m2/repository/asm/asm-attrs/1.5.3/asm-attrs-1.5.3.jar:/Users/firemonk/.m2/repository/cglib/cglib/2.1_3/cglib-2.1_3.jar:/Users/firemonk/.m2/repository/asm/asm/1.5.3/asm-1.5.3.jar:/Users/firemonk/.m2/repository/org/hibernate/hibernate-commons-annotations/3.3.0.ga/hibernate-commons-annotations-3.3.0.ga.jar:/Users/firemonk/.m2/repository/org/hibernate/ejb3-persistence/1.0.1.GA/ejb3-persistence-1.0.1.GA.jar:/Users/firemonk/.m2/repository/javax/persistence/persistence-api/1.0/persistence-api-1.0.jar:/Users/firemonk/.m2/repository/javassist/javassist/3.6.0.GA/javassist-3.6.0.GA.jar:/Users/firemonk/.m2/repository/org/slf4j/slf4j-jcl/1.5.8/slf4j-jcl-1.5.8.jar:/Users/firemonk/.m2/repository/hsqldb/hsqldb/1.8.0.10/hsqldb-1.8.0.10.jar:/Users/firemonk/.m2/repository/org/aspectj/aspectjrt/1.5.4/aspectjrt-1.5.4.jar:/Users/firemonk/.m2/repository/org/aspectj/aspectjweaver/1.5.4/aspectjweaver-1.5.4.jar:/Users/firemonk/.m2/repository/log4j/log4j/1.2.14/log4j-1.2.14.jar:/Users/firemonk/.m2/repository/org/springframework/spring-jms/3.0.5.RELEASE/spring-jms-3.0.5.RELEASE.jar:/Users/firemonk/.m2/repository/org/apache/activemq/activemq-all/5.4.2/activemq-all-5.4.2.jar:/Users/firemonk/.m2/repository/org/apache/activemq/activemq-core/5.2.0/activemq-core-5.2.0.jar:/Users/firemonk/.m2/repository/commons-logging/commons-logging-api/1.1/commons-logging-api-1.1.jar:/Users/firemonk/.m2/repository/org/apache/camel/camel-core/1.5.0/camel-core-1.5.0.jar:/Users/firemonk/.m2/repository/org/apache/geronimo/specs/geronimo-jms_1.1_spec/1.1.1/geronimo-jms_1.1_spec-1.1.1.jar:/Users/firemonk/.m2/repository/org/apache/activemq/activeio-core/3.1.0/activeio-core-3.1.0.jar:/Users/firemonk/.m2/repository/backport-util-concurrent/backport-util-concurrent/2.1/backport-util-concurrent-2.1.jar:/Users/firemonk/.m2/repository/org/apache/geronimo/specs/geronimo-j2ee-management_1.0_spec/1.0/geronimo-j2ee-management_1.0_spec-1.0.jar:/Users/firemonk/.m2/repository/org/springframework/integration/spring-integration-jms/2.0.3.RELEASE/spring-integration-jms-2.0.3.RELEASE.jar:/Users/firemonk/.m2/repository/org/springframework/integration/spring-integration-core/2.0.3.RELEASE/spring-integration-core-2.0.3.RELEASE.jar:"/>
    <property name="java.vm.specification.version" value="1.0"/>
    <property name="sun.arch.data.model" value="64"/>
    <property name="java.home" value="/System/Library/Java/JavaVirtualMachines/1.6.0.jdk/Contents/Home"/>
    <property name="java.specification.vendor" value="Sun Microsystems Inc."/>
    <property name="user.language" value="en"/>
    <property name="awt.toolkit" value="apple.awt.CToolkit"/>
    <property name="java.vm.info" value="mixed mode"/>
    <property name="java.version" value="1.6.0_24"/>
    <property name="java.ext.dirs" value="/Library/Java/Extensions:/System/Library/Java/Extensions:/System/Library/Java/JavaVirtualMachines/1.6.0.jdk/Contents/Home/lib/ext"/>
    <property name="sun.boot.class.path" value="/System/Library/Java/JavaVirtualMachines/1.6.0.jdk/Contents/Classes/jsfd.jar:/System/Library/Java/JavaVirtualMachines/1.6.0.jdk/Contents/Classes/classes.jar:/System/Library/Frameworks/JavaVM.framework/Frameworks/JavaRuntimeSupport.framework/Resources/Java/JavaRuntimeSupport.jar:/System/Library/Java/JavaVirtualMachines/1.6.0.jdk/Contents/Classes/ui.jar:/System/Library/Java/JavaVirtualMachines/1.6.0.jdk/Contents/Classes/laf.jar:/System/Library/Java/JavaVirtualMachines/1.6.0.jdk/Contents/Classes/sunrsasign.jar:/System/Library/Java/JavaVirtualMachines/1.6.0.jdk/Contents/Classes/jsse.jar:/System/Library/Java/JavaVirtualMachines/1.6.0.jdk/Contents/Classes/jce.jar:/System/Library/Java/JavaVirtualMachines/1.6.0.jdk/Contents/Classes/charsets.jar"/>
    <property name="java.vendor" value="Apple Inc."/>
    <property name="localRepository" value="/Users/firemonk/.m2/repository"/>
    <property name="file.separator" value="/"/>
    <property name="java.vendor.url.bug" value="http://bugreport.apple.com/"/>
    <property name="sun.cpu.endian" value="little"/>
    <property name="sun.io.unicode.encoding" value="UnicodeLittle"/>
    <property name="mrj.version" value="1060.1.6.0_24-334"/>
    <property name="socksNonProxyHosts" value="dimdimsecure.com|*.dimdimsecure.com|local|*.local|169.254/16|*.169.254/16"/>
    <property name="ftp.nonProxyHosts" value="dimdimsecure.com|*.dimdimsecure.com|local|*.local|169.254/16|*.169.254/16"/>
    <property name="sun.cpu.isalist" value=""/>
  </properties>
  <testcase time="17.623" classname="com.innowhite.playbackapp.OrderPersistenceTests" name="testSaveOrderWithItems"/>
  <testcase time="0.078" classname="com.innowhite.playbackapp.OrderPersistenceTests" name="testSaveAndGet"/>
  <testcase time="0.362" classname="com.innowhite.playbackapp.OrderPersistenceTests" name="testSaveAndFind"/>
</testsuite>